<?xml version='1.0' encoding='utf-8'?>
<testsuite name="com.radiopoint.app.map.TrackImporterTest" tests="5" skipped="0" failures="0" errors="0" timestamp="2026-09-08T23:52:12" hostname="localhost" time="0.053">
  <testcase name="disjointSegmentsRejected" classname="com.radiopoint.app.map.TrackImporterTest" time="0.036" />
  <testcase name="unsupportedRegionRejected" classname="com.radiopoint.app.map.TrackImporterTest" time="0.003" />
  <testcase name="realGpxParsing" classname="com.radiopoint.app.map.TrackImporterTest" time="0.005" />
  <testcase name="sameNameDifferentGeometryHasDifferentRouteCode" classname="com.radiopoint.app.map.TrackImporterTest" time="0.003" />
  <testcase name="realKmlParsing" classname="com.radiopoint.app.map.TrackImporterTest" time="0.004" />
  </testsuite>